TST3-MUC4-0003
the O
national O
police O
reported O
today O
that O
over O
15 O
, O
000 O
people O
have O
been O
arrested O
in O
lima O
over O
the O
past O
few O
hours O
in O
a O
drag O
##net O
aimed O
at O
uncover O
##ing O
the O
assassins O
of O
former O
defense O
minister O
enrique B-hum_tgt_name
lopez I-hum_tgt_name
al I-hum_tgt_name
##bu I-hum_tgt_name
##jar I-hum_tgt_name
tri I-hum_tgt_name
##nt I-hum_tgt_name
, O
who O
was O
murdered O
in O
a O
terrorist O
attack O
yesterday O
. O
the O
police O
also O
stopped O
8 O
, O
000 O
cars O
in O
the O
search O
for O
assassins O
, O
who O
are O
presumably O
members O
of O
the O
mao O
##ist O
terrorist O
organization O
shining B-perp_organization_id
path I-perp_organization_id
. O
lopez O
al O
##bu O
##jar O
, O
who O
left O
his O
post O
at O
the O
ministry O
in O
may O
1989 O
, O
was O
riddle O
##d O
with O
bullets O
as O
he O
was O
getting O
out O
of O
his O
car B-phys_tgt_id
in O
the O
lima O
residential O
district O
of O
san O
is O
##id O
##ro O
. O

TST3-MUC4-0003
the O
police O
also O
stopped O
8 O
, O
000 O
cars O
in O
the O
search O
for O
assassins O
, O
who O
are O
presumably O
members O
of O
the O
mao O
##ist O
terrorist O
organization O
shining B-perp_organization_id
path I-perp_organization_id
. O
lopez B-hum_tgt_name
al I-hum_tgt_name
##bu I-hum_tgt_name
##jar I-hum_tgt_name
, O
who O
left O
his O
post O
at O
the O
ministry O
in O
may O
1989 O
, O
was O
riddle O
##d O
with O
bullets O
as O
he O
was O
getting O
out O
of O
his O
car B-phys_tgt_id
in O
the O
lima O
residential O
district O
of O
san O
is O
##id O
##ro O
. O
lopez B-hum_tgt_name
al I-hum_tgt_name
##bu I-hum_tgt_name
##jar I-hum_tgt_name
, O
63 O
, O
was O
retired O
. O

TST3-MUC4-0003
lopez B-hum_tgt_name
al I-hum_tgt_name
##bu I-hum_tgt_name
##jar I-hum_tgt_name
, O
who O
left O
his O
post O
at O
the O
ministry O
in O
may O
1989 O
, O
was O
riddle O
##d O
with O
bullets O
as O
he O
was O
getting O
out O
of O
his O
car B-phys_tgt_id
in O
the O
lima O
residential O
district O
of O
san O
is O
##id O
##ro O
. O
lopez B-hum_tgt_name
al I-hum_tgt_name
##bu I-hum_tgt_name
##jar I-hum_tgt_name
, O
63 O
, O
was O
retired O
. O
he O
was O
driving O
without O
an O
escort O
. O

TST3-MUC4-0003
lopez B-hum_tgt_name
al I-hum_tgt_name
##bu I-hum_tgt_name
##jar I-hum_tgt_name
, O
63 O
, O
was O
retired O
. O
he O
was O
driving O
without O
an O
escort O
. O
according O
to O
the O
sources O
, O
the O
car B-phys_tgt_id
in O
which O
the O
criminals O
fled O
was O
abandoned O
in O
sur O
##quil O
##lo O
district O
. O

TST3-MUC4-0003
he O
was O
driving O
without O
an O
escort O
. O
according O
to O
the O
sources O
, O
the O
car B-phys_tgt_id
in O
which O
the O
criminals O
fled O
was O
abandoned O
in O
sur O
##quil O
##lo O
district O
. O
the O
dir O
##cote O
( O
counter O
##ter O
##ror O
##ism O
di O
##vis O
##on O
) O
has O
identified O
one O
of O
the O
terrorists O
as O
gerard B-hum_tgt_name
##o I-hum_tgt_name
ol I-hum_tgt_name
##ivo I-hum_tgt_name
##s I-hum_tgt_name
silva I-hum_tgt_name
through O
a O
composite O
made O
from O
witness O
' O
reports O
. O

TST3-MUC4-0003
according O
to O
the O
sources O
, O
the O
car B-phys_tgt_id
in O
which O
the O
criminals O
fled O
was O
abandoned O
in O
sur O
##quil O
##lo O
district O
. O
the O
dir O
##cote O
( O
counter O
##ter O
##ror O
##ism O
di O
##vis O
##on O
) O
has O
identified O
one O
of O
the O
terrorists O
as O
gerard B-hum_tgt_name
##o I-hum_tgt_name
ol I-hum_tgt_name
##ivo I-hum_tgt_name
##s I-hum_tgt_name
silva I-hum_tgt_name
through O
a O
composite O
made O
from O
witness O
' O
reports O
. O
the O
police O
say O
that O
ol O
##ivo O
##s O
silva O
, O
a O
forestry O
engineer O
, O
has O
participated O
in O
other O
attacks O
against O
armed O
forces O
personnel O
in O
the O
past O
. O

TST3-MUC4-0003
the O
dir O
##cote O
( O
counter O
##ter O
##ror O
##ism O
di O
##vis O
##on O
) O
has O
identified O
one O
of O
the O
terrorists O
as O
gerard B-hum_tgt_name
##o I-hum_tgt_name
ol I-hum_tgt_name
##ivo I-hum_tgt_name
##s I-hum_tgt_name
silva I-hum_tgt_name
through O
a O
composite O
made O
from O
witness O
' O
reports O
. O
the O
police O
say O
that O
ol O
##ivo O
##s O
silva O
, O
a O
forestry O
engineer O
, O
has O
participated O
in O
other O
attacks O
against O
armed O
forces O
personnel O
in O
the O
past O
. O
lopez B-hum_tgt_name
al I-hum_tgt_name
##bu I-hum_tgt_name
##jar I-hum_tgt_name
' O
s O
murder O
has O
made O
a O
great O
impression O
in O
peru O
. O

TST3-MUC4-0003
the O
police O
say O
that O
ol B-hum_tgt_name
##ivo I-hum_tgt_name
##s I-hum_tgt_name
silva I-hum_tgt_name
, O
a O
forestry O
engineer O
, O
has O
participated O
in O
other O
attacks O
against O
armed O
forces O
personnel O
in O
the O
past O
. O
lopez B-hum_tgt_name
al I-hum_tgt_name
##bu I-hum_tgt_name
##jar I-hum_tgt_name
' O
s O
murder O
has O
made O
a O
great O
impression O
in O
peru O
. O
according O
to O
political O
observers O
, O
the O
incident O
is O
being O
regarded O
as O
an O
indication O
that O
the O
shining B-perp_organization_id
path I-perp_organization_id
intends O
to O
continue O
its O
terrorist O
attacks O
to O
int O
##imi O
##date O
the O
people O
because O
of O
the O
upcoming O
general O
election O
on O
8 O
april O
. O

TST3-MUC4-0003
lopez B-hum_tgt_name
al I-hum_tgt_name
##bu I-hum_tgt_name
##jar I-hum_tgt_name
' O
s O
murder O
has O
made O
a O
great O
impression O
in O
peru O
. O
according O
to O
political O
observers O
, O
the O
incident O
is O
being O
regarded O
as O
an O
indication O
that O
the O
shining B-perp_organization_id
path I-perp_organization_id
intends O
to O
continue O
its O
terrorist O
attacks O
to O
int O
##imi O
##date O
the O
people O
because O
of O
the O
upcoming O
general O
election O
on O
8 O
april O
. O
some O
1600 O
peruvian O
##s O
were O
murdered O
during O
the O
last O
quarter O
of O
1989 O
due O
to O
the O
political O
violence O
surrounding O
the O
12 O
november O
municipal O
elections O
. O

TST3-MUC4-0003
according O
to O
political O
observers O
, O
the O
incident O
is O
being O
regarded O
as O
an O
indication O
that O
the O
shining B-perp_organization_id
path I-perp_organization_id
intends O
to O
continue O
its O
terrorist O
attacks O
to O
int O
##imi O
##date O
the O
people O
because O
of O
the O
upcoming O
general O
election O
on O
8 O
april O
. O
some O
1600 O
peruvian O
##s O
were O
murdered O
during O
the O
last O
quarter O
of O
1989 O
due O
to O
the O
political O
violence O
surrounding O
the O
12 O
november O
municipal O
elections O
. O

TST3-MUC4-0003
some O
1600 O
peruvian O
##s O
were O
murdered O
during O
the O
last O
quarter O
of O
1989 O
due O
to O
the O
political O
violence O
surrounding O
the O
12 O
november O
municipal O
elections O
. O

