wiki_mass_car_bombings_1_news_8
, O
" O
the O
former O
provincial O
official O
said O
. O
sharif O
hot O
##ak O
, O
a O
member O
of O
the O
provincial O
council O
in O
maid O
##an O
ward O
##ak O
said O
he O
saw O
bodies O
of O
35 O
afghan O
forces O
in O
the O
hospital O
. O
" O
many O
more O
were O
killed O
. O
several O
bodies O
were O
transported O
to O
kabul O
city O
and O
many O
injured O
were O
transferred O
to O
hospitals O
in O
kabul O
, O
" O
said O
hot O
##ak O
, O
adding O
that O
" O
the O
government O
was O
hiding O
the O
accurate O
casualty O
figures O
to O
prevent O
a O
further O
dip O
in O
the O
morale O
of O
the O
afghan O
forces O
. O
" O
" O
the O
explosion O
was O
very O
powerful O
. O
the O
whole O
building O
has O
collapsed O
, O
" O
he O
said O
. O
government O
officials O
in O
maid O
##an O
ward O
##ak O
and O
kabul O
declined O
to O
comment O
when O
asked O
if O
they O
were O
ob O
##scu O
##ring O
the O
death O
toll O
. O
two O
senior O
officials O
in O
the O
interior O
ministry O
said O
the O
exact O
casualty O
figures O
were O
not O
being O
disclosed O
to O
prevent O
unrest O
within O
the O
armed O
forces O
. O
" O
i O
have O
been O
told O
not O
to O
make O
the O
death O
toll O
figures O
public O
. O

wiki_mass_car_bombings_1_news_8
it O
is O
frustrating O
to O
hide O
the O
facts O
, O
" O
said O
a O
senior O
interior O
ministry O
official O
in O
kabul O
. O
a O
senior O
n O
##ds O
official O
in O
kabul O
said O
at O
least O
50 O
people O
were O
killed O
or O
wounded O
in O
the O
complex O
attack O
. O
abd O
##ur O
##rah O
##man O
manga O
##l O
, O
spokesman O
for O
the O
provincial O
governor O
in O
maid O
##an O
ward O
##ak O
said O
12 O
people O
were O
killed O
and O
12 O
were O
injured O
when O
the O
car B-incident_instrument_id
bomb I-incident_instrument_id
exploded O
near O
the O
afghan O
special O
forces O
unit O
. O
president O
ash O
##raf O
g O
##hani O
' O
s O
office O
in O
a O
statement O
said O
the O
" O
enemies O
of O
the O
country O
" O
had O
carried O
out O
an O
attack O
against O
n O
##ds O
personnel O
in O
maid O
##an O
shah O
##r O
. O
" O
they O
killed O
and O
wounded O
a O
number O
of O
our O
beloved O
and O
honest O
sons O
. O
" O
turkish O
president O
rec O
##ep O
tay O
##yi O
##p O
er O
##dog O
##an O
condemned O
the O
attack O
on O
monday O
evening O
and O
extended O
his O
condo O
##lence O
##s O
to O
g O
##hani O
. O
meanwhile O
, O
the O
taliban O
said O
it O
met O
with O
u O
. O
s O
. O

wiki_mass_car_bombings_1_news_8
za O
##bi O
##ulla O
##h O
mu O
##jah O
##id O
, O
a O
spokesman O
for O
the O
hard O
##line O
terrorist O
group O
said O
they O
have O
killed O
190 O
people O
in O
the O
complex O
attack O
. O
last O
week O
, O
taliban B-perp_individual_id
fighters I-perp_individual_id
set O
off O
a O
car B-incident_instrument_id
bomb I-incident_instrument_id
outside O
a O
highly O
fortified O
compound O
killing O
at O
least O
five O
people O
and O
wounding O
more O
than O
110 O
afghan O
##s O
and O
ex O
##pa O
##tri O
##ates O
in O
the O
capital O
, O
kabul O
. O
on O
sunday O
, O
a O
suicide O
bombing O
in O
the O
southeastern O
province O
of O
log O
##ar O
left O
eight O
policemen O
dead O
and O
another O
10 O
wounded O
. O
the O
taliban O
bombing O
targeted O
the O
provincial O
governor O
' O
s O
convoy O
in O
mohammad O
ag O
##ha O
district O
. O
the O
provincial O
governor O
and O
spy O
chief O
traveling O
in O
the O
convoy O
were O
unharmed O
. O
the O
taliban O
have O
ramp O
##ed O
up O
their O
attacks O
on O
security O
forces O
and O
government O
facilities O
in O
recent O
months O
, O
while O
afghan O
and O
u O
. O
s O
. O
troops O
have O
increased O
operations O
against O
the O
militants B-perp_individual_id
' O
field O
commanders O
. O
military O
sources O
say O
around O
35 O
members O
of O
the O
country O
' O
s O
security O
forces O
are O
killed O
every O
day O
in O
attacks O
and O
clashes O
. O
this O
is O
while O
the O
u O
. O
s O
. O
is O
still O
considering O
a O
significant O
troop O
draw O
##down O
in O
afghanistan O
. O

wiki_mass_car_bombings_1_news_8
around O
14 O
, O
000 O
u O
. O
s O
. O
troops O
are O
stationed O
in O
the O
country O
, O
coupled O
with O
around O
7 O
, O
500 O
troops O
from O
other O
allied O
nations O
, O
according O
to O
rand O
, O
a O
u O
. O
s O
. O
government O
research O
organization O
. O
in O
a O
report O
on O
sunday O
, O
rand O
said O
that O
if O
the O
u O
. O
s O
. O
considers O
" O
an O
early O
and O
complete O
or O
near O
- O
complete O
departure O
unrelated O
to O
a O
negotiated O
peace O
settlement O
, O
" O
it O
could O
push O
afghanistan O
into O
a O
civil O
war O
while O
the O
taliban O
would O
expand O
their O
control O
throughout O
the O
country O
. O
if O
the O
withdrawal O
does O
take O
place O
, O
rand O
noted O
, O
" O
the O
major O
advances O
that O
afghan O
##s O
have O
achieved O
in O
democracy O
, O
press O
freedom O
, O
human O
rights O
, O
women O
' O
s O
emancipation O
, O
literacy O
, O
longevity O
, O
and O
living O
standards O
will O
be O
rolled O
back O
throughout O
the O
country O
. O
" O

scenario_en_kairos_68
thank O
you O
, O
your O
honor O
, O
for O
giving O
me O
an O
opportunity O
to O
speak O
. O
i O
would O
like O
to O
begin O
in O
the O
name O
of O
allah O
, O
the O
ex O
##al O
##ted O
and O
glorious O
, O
the O
most O
gr O
##acious O
, O
the O
most O
mer O
##ciful O
, O
“ O
allah O
” O
among O
the O
most O
beautiful O
names O
. O
any O
act O
that O
does O
not O
begin O
in O
the O
name O
of O
god O
is O
separate O
from O
goodness O
. O
this O
is O
the O
blessed O
month O
of O
rama O
##dan O
, O
and O
it O
is O
the O
month O
of O
mercy O
from O
allah O
to O
his O
creation O
, O
a O
month O
to O
ask O
forgiveness O
of O
allah O
and O
of O
his O
creation O
, O
a O
month O
to O
express O
gratitude O
to O
allah O
and O
to O
his O
creation O
. O

scenario_en_kairos_68
it O
’ O
s O
the O
month O
of O
reconciliation O
, O
a O
month O
of O
patience O
, O
a O
month O
during O
which O
hearts O
change O
. O
indeed O
, O
a O
month O
of O
many O
blessings O
. O
the O
prophet O
muhammad O
, O
peace O
and O
blessings O
be O
upon O
him O
, O
said O
if O
you O
have O
not O
thanked O
the O
people O
, O
you O
have O
not O
thanked O
god O
. O
so O
i O
would O
like O
to O
first O
thank O
my O
attorneys O
, O
those O
who O
sit O
at O
this O
table O
, O
the O
table O
behind O
me O
, O
and O
many O
more O
behind O
the O
scenes O
. O

scenario_en_kairos_68
they O
have O
done O
much O
good O
for O
me O
, O
for O
my O
family O
. O
they O
made O
my O
life O
the O
last O
two O
years O
very O
easy O
. O
i O
cher O
##ish O
their O
company O
. O

scenario_en_kairos_68
they O
’ O
re O
lovely O
companions O
. O
i O
thank O
you O
. O
advertisement O
##i O
would O
like O
to O
thank O
those O
who O
took O
time O
out O
of O
their O
daily O
lives O
to O
come O
and O
testify O
on O
my O
behalf O
despite O
the O
pressure O
. O
i O
’ O
d O
like O
to O
thank O
the O
jury O
for O
their O
service O
, O
and O
the O
court O
. O

scenario_en_kairos_68
the O
prophet O
muhammad O
, O
peace O
and O
blessings O
be O
upon O
him O
, O
said O
that O
if O
you O
do O
not O
- O
- O
if O
you O
are O
not O
mer O
##ciful O
to O
allah O
’ O
s O
creation O
, O
allah O
will O
not O
be O
mer O
##ciful O
to O
you O
, O
so O
i O
’ O
d O
like O
to O
now O
apologize O
to O
the O
victims O
, O
to O
the O
survivors O
. O
advertisement O
##im O
##media O
##tel O
##y O
after O
the O
bombing O
, O
which O
i O
am O
guilty O
of O
- O
- O
if O
there O
’ O
s O
any O
lingering O
doubt O
about O
that O
, O
let O
there O
be O
no O
more O
. O
i O
did O
do O
it O
along O
with O
my O
brother O
- O
- O
i O
learned O
of O
some O
of O
the O
victims O
. O

scenario_en_kairos_68
i O
learned O
their O
names O
, O
their O
faces O
, O
their O
age O
. O
and O
throughout O
this O
trial O
more O
of O
those O
victims O
were O
given O
names O
, O
more O
of O
those O
victims O
had O
faces O
, O
and O
they O
had O
burden O
##ed O
souls O
. O
now O
, O
all O
those O
who O
got O
up O
on O
that O
witness O
stand O
and O
that O
podium O
related O
to O
us O
- O
- O
to O
me O
- O
- O
i O
was O
listening O
- O
- O
the O
suffering O
that O
was O
and O
the O
hardship O
that O
still O
is O
, O
with O
strength O
and O
with O
patience O
and O
with O
dignity O
. O
now O
, O
allah O
says O
in O
the O
qur O
’ O
an O
that O
no O
soul O
is O
burden O
##ed O
with O
more O
than O
it O
can O
bear O
, O
and O
you O
told O
us O
just O
how O
unbearable O
it O
was O
, O
how O
ho O
##rre O
##ndo O
##us O
it O
was O
, O
this O
thing O
i O
put O
you O
through O
. O

scenario_en_kairos_68
and O
i O
know O
that O
you O
kept O
that O
much O
. O
i O
know O
that O
there O
isn O
’ O
t O
enough O
time O
in O
the O
day O
for O
you O
to O
have O
related O
to O
us O
everything O
. O
i O
also O
wish O
that O
far O
more O
people O
had O
a O
chance O
to O
get O
up O
there O
, O
but O
i O
took O
them O
from O
you O
. O
now O
, O
i O
am O
sorry O
for O
the O
lives O
that O
i O
’ O
ve O
taken O
, O
for O
the O
suffering O
that O
i O
’ O
ve O
caused O
you O
, O
for O
the O
damage O
that O
i O
’ O
ve O
done O
. O

scenario_en_kairos_68
ir O
##re O
##para O
##ble O
damage O
. O
now O
, O
i O
am O
a O
muslim O
. O
my O
religion O
is O
islam O
. O
the O
god O
i O
worship O
, O
besides O
whom O
there O
is O
no O
other O
god O
, O
is O
allah O
. O

scenario_en_kairos_68
and O
i O
prayed O
for O
allah O
to O
best O
##ow O
his O
mercy O
upon O
the O
deceased O
, O
those O
affected O
in O
the O
bombing O
and O
their O
families O
. O
allah O
says O
in O
the O
qur O
’ O
an O
that O
with O
every O
hardship O
there O
is O
relief O
. O
i O
pray O
for O
your O
relief O
, O
for O
your O
healing O
, O
for O
your O
well O
- O
being O
, O
for O
your O
strength O
. O
advertisement O
##i O
ask O
allah O
to O
have O
mercy O
upon O
me O
and O
my O
brother O
and O
my O
family O
. O

scenario_en_kairos_68
i O
ask O
allah O
to O
best O
##ow O
his O
mercy O
upon O
those O
present O
here O
today O
. O
and O
allah O
knows O
best O
those O
des O
##erving O
of O
his O
mercy O
. O
and O
i O
ask O
allah O
to O
have O
mercy O
upon O
the O
umm O
##ah O
of O
prophet O
muhammad O
, O
peace O
and O
blessings O
be O
upon O
him O
. O

scenario_en_kairos_68
amin O
. O
praise O
be O
to O
allah O
, O
the O
lord O
of O
the O
worlds O
. O
thank O
you O
. O
milton O
j O
. O
valencia O
can O
be O
reached O
at O
mv O
##ale O
##ncia O
@ O
globe O
. O
com O
. O

scenario_en_kairos_68
follow O
him O
on O
twitter O
@ O
milton O
##vale O
##ncia O
. O

53_VOA_EN_NW_2015.06.24.2835606
tame O
##rl O
##an O
was O
killed O
during O
the O
get O
##away O
. O
tsar O
##nae O
##v O
was O
found O
guilty O
of O
all O
30 O
terrorism O
and O
other O
charges O
against O
him O
. O
of O
those O
, O
17 O
carried O
the O
possibility O
of O
a O
death O
sentence O
. O
during O
the O
penalty O
phase O
of O
the O
judicial O
proceedings O
, O
prosecutors O
brushed O
off O
defense O
arguments O
that O
tsar O
##nae O
##v O
was O
under O
the O
strong O
influence O
of O
his O
older O
, O
radical O
##ized O
brother O
. O
victims O
speak O
out O
##be O
##for O
##e O
the O
sentencing O
, O
a O
somber O
- O
looking O
tsar O
##nae O
##v O
, O
wearing O
a O
dark O
sport O
jacket O
with O
a O
collar O
##ed O
shirt O
and O
no O
tie O
, O
sat O
between O
his O
lawyers O
and O
listened O
as O
24 O
people O
— O
some O
victims O
, O
some O
survivors O
— O
gave O
impact O
statements O
. O

53_VOA_EN_NW_2015.06.24.2835606
they O
lashed O
out O
at O
him O
for O
his O
“ O
coward O
##ly O
” O
and O
“ O
disgusting O
” O
acts O
, O
and O
several O
called O
upon O
him O
to O
apologize O
, O
trying O
to O
convince O
him O
that O
this O
would O
be O
his O
last O
chance O
to O
ask O
for O
forgiveness O
. O
tsar O
##nae O
##v O
, O
his O
chair O
turned O
toward O
the O
le O
##cter O
##n O
from O
which O
the O
victims O
spoke O
, O
picked O
at O
his O
beard O
and O
gazed O
downward O
most O
of O
the O
time O
, O
only O
occasionally O
looking O
at O
the O
speakers O
. O
patricia O
campbell O
, O
the O
mother O
of O
k O
##rys O
##tle O
campbell O
, O
29 O
, O
who O
was O
killed O
in O
the O
attack O
, O
was O
the O
first O
person O
to O
address O
the O
court O
. O

53_VOA_EN_NW_2015.06.24.2835606
she O
looked O
across O
the O
room O
at O
tsar O
##nae O
##v O
, O
seated O
about O
20 O
feet O
away O
, O
and O
spoke O
directly O
to O
him O
. O
“ O
what O
you O
did O
to O
my O
daughter O
is O
disgusting O
, O
” O
she O
said O
. O

53_VOA_EN_NW_2015.06.24.2835606
“ O
i O
don O
' O
t O
know O
what O
to O
say O
to O
you O
. O
i O
think O
the O
jury O
did O
the O
right O
thing O
. O
” O
k O
##rys O
##tle O
campbell O
' O
s O
best O
friend O
, O
karen O
rand O
mc O
##wat O
##ters O
, O
who O
lost O
a O
leg O
in O
the O
attack O
, O
said O
tsar O
##nae O
##v O
" O
can O
' O
t O
possibly O
have O
had O
a O
soul O
to O
do O
such O
a O
horrible O
thing O
. O
” O
in O
a O
message O
he O
sc O
##ra O
##wled O
in O
the O
boat O
he O
was O
found O
hiding O
in O
, O
tsar O
##nae O
##v O
said O
the O
attack O
was O
retaliation O
against O
the O
u O
. O
s O
. O

53_VOA_EN_NW_2015.06.24.2835606
for O
its O
wars O
in O
muslim O
countries O
. O
mc O
##wat O
##ters O
urged O
tsar O
##nae O
##v O
to O
show O
remorse O
to O
discourage O
other O
jihad O
##is O
from O
killing O
people O
in O
similar O
attacks O
. O
“ O
you O
can O
save O
them O
from O
these O
coward O
##ly O
acts O
if O
you O
really O
have O
an O
ounce O
of O
regret O
, O
” O
she O
said O
. O
re O
##bek O
##ah O
gregory O
, O
a O
texas O
woman O
who O
lost O
a O
leg O
in O
the O
bombing O
, O
defiant O
##ly O
told O
tsar O
##nae O
##v O
she O
was O
not O
his O
victim O
. O
“ O
while O
your O
intention O
was O
to O
destroy O
america O
, O
what O
you O
have O
really O
accomplished O
is O
actually O
quite O
the O
opposite O

53_VOA_EN_NW_2015.06.24.2835606
— O
you O
' O
ve O
unified O
us O
, O
” O
she O
said O
. O
" O
we O
are O
boston O
strong O
, O
we O
are O
america O
strong O
, O
and O
choosing O
to O
mess O
with O
us O
was O
a O
terrible O
idea O
. O
so O
how O
' O
s O
that O
for O
your O
victim O
impact O
statement O
? O
” O
' O
he O
is O
a O
lee O
##ch O
' O
several O
victims O
condemned O
tsar O
##nae O
##v O
for O
coming O
to O
the O
u O
. O
s O
. O
as O
an O
immigrant O
from O
russia O
, O
enjoying O
the O
benefits O
of O
living O
here O
and O
then O
attacking O
american O
citizens O
. O
“ O
he O
is O
a O
lee O
##ch O
, O
abu O
##sing O
the O
privilege O
of O
american O
freedom O
, O
and O
he O
spit O
in O
the O
face O
of O
the O
american O
dream O
, O
” O
said O
jennifer O
rogers O
, O
an O
older O
sister O
of O
slain O
mit O
officer O
sean O
collier O
. O
bill O
richard O
, O
whose O
8 O
- O
year O
- O
old O
son O
, O
martin O
, O
was O
the O
youngest O
person O
killed O
in O
the O
bombing O
, O
said O
tsar O
##nae O
##v O
could O
have O
backed O
out O
of O
the O
plot O
and O
reported O
his O
brother O
to O
authorities O
. O

53_VOA_EN_NW_2015.06.24.2835606
instead O
, O
richard O
said O
, O
“ O
he O
chose O
hate O
. O
he O
chose O
destruction O
. O
he O
chose O
death O
. O

53_VOA_EN_NW_2015.06.24.2835606
this O
is O
all O
on O
him O
. O
” O
richard O
noted O
that O
his O
family O
would O
have O
preferred O
that O
tsar O
##nae O
##v O
receive O
a O
life O
sentence O
so O
that O
he O
could O
have O
had O
“ O
a O
lifetime O
to O
reconcile O
with O
himself O
what O
he O
did O
that O
day O
. O
” O
richard O
said O
his O
family O
has O
chosen O
love O
, O
kindness O
and O
peace O
, O
adding O
: O
“ O
that O
is O
what O
makes O
us O
different O
than O
him O
. O
” O
fatima O
t O
##lis O
##ova O
of O
vo O
##a O
' O
s O
russian O
service O
contributed O
to O
this O
report O
from O
boston O
. O
some O
information O
for O
this O
report O
came O
from O
reuters O
and O
ap O
. O

wiki_drone_strikes_0_news_1
there O
were O
ten O
times O
more O
air O
strikes O
in O
the O
covert O
war O
on O
terror O
during O
president O
barack O
obama O
’ O
s O
presidency O
than O
under O
his O
predecessor O
, O
george O
w O
. O
bush O
. O
obama O
embraced O
the O
us O
drone O
programme O
, O
overseeing O
more O
strikes O
in O
his O
first O
year O
than O
bush O
carried O
out O
during O
his O
entire O
presidency O
. O
a O
total O
of O
56 O
##3 O
strikes O
, O
largely O
by O
drones O
, O
targeted O
pakistan O
, O
somalia O
and O
yemen O
during O
obama O
’ O
s O
two O
terms O
, O
compared O
to O
57 O
strikes O
under O
bush O
. O
between O
38 O
##4 O
and O
80 O
##7 O
civilians O
were O
killed O
in O
those O
countries O
, O
according O
to O
reports O
logged O
by O
the O
bureau O
. O
the O
use O
of O
drones O
aligned O
with O
obama O
’ O
s O
ambition O
to O
keep O
up O
the O
war O
against O
al O
qaeda O
while O
ex O
##tric O
##ating O
the O
us O
military O
from O
intra O
##ctable O
, O
costly O
ground O
wars O
in O
the O
middle O
east O
and O
asia O
. O

wiki_drone_strikes_0_news_1
the O
country O
has O
since O
come O
under O
frequent O
us O
bombardment O
, O
in O
an O
un O
##re O
##port O
##ed O
war O
that O
saw O
1 O
, O
337 O
weapons O
dropped O
last O
year O
alone O
– O
a O
40 O
% O
rise O
on O
2015 O
. O
afghan O
civilian O
casualties O
have O
been O
high O
, O
with O
the O
united O
nations O
( O
un O
) O
reporting O
at O
least O
85 O
deaths O
in O
2016 O
. O
the O
bureau O
recorded O
65 O
to O
105 O
civilian O
deaths O
during O
this O
period O
. O
we O
did O
not O
start O
collecting O
data O
on O
afghanistan O
until O
2015 O
. O
pakistan O
was O
the O
hub O
of O
drone O
operations O
during O
obama O
’ O
s O
first O
term O
. O

wiki_drone_strikes_0_news_1
the O
pace O
of O
attacks O
had O
accelerated O
in O
the O
second O
half O
of O
2008 O
at O
the O
end O
of O
bush O
’ O
s O
term O
, O
after O
four O
years O
po O
##cked O
by O
occasional O
strikes O
. O
however O
in O
the O
year O
after O
taking O
office O
, O
obama O
ordered O
more O
drone O
strikes O
than O
bush O
did O
during O
his O
entire O
presidency O
. O
the O
54 O
strikes O
in O
2009 O
all O
took O
place O
in O
pakistan O
. O

wiki_ied_bombings_10
on O
27 O
august O
1975 O
a O
provisional O
ira B-incident_instrument_id
bomb I-incident_instrument_id
exploded O
without O
warning O
at O
the O
cater B-phys_tgt_id
##ham I-phys_tgt_id
arms I-phys_tgt_id
public I-phys_tgt_id
house I-phys_tgt_id
in O
cater O
##ham O
, O
surrey O
, O
england O
. O
there O
were O
no O
fatalities O
but O
33 O
people O
were O
injured O
, O
some O
severely O
. O
two O
off O
- O
duty O
soldiers O
lost O
their O
legs O
as O
a O
result O
of O
the O
bombing O
. O
= O
= O
background O
= O
= O
in O
february O
1975 O
the O
provisional O
irish O
republican O
army O
agreed O
to O
a O
truce O
and O
ceasefire O
with O
the O
british O
government O
and O
the O
northern O
ireland O
office O
. O

wiki_ied_bombings_10
seven O
" O
incident O
centres O
" O
were O
established O
in O
irish O
nationalist O
areas O
in O
northern O
ireland O
to O
monitor O
the O
ceasefire O
and O
the O
activity O
of O
the O
security O
forces O
. O
before O
the O
truce O
, O
the O
ira O
active O
service O
unit O
( O
as O
##u O
) O
later O
dubbed O
the O
bal O
##combe O
street O
gang O
( O
due O
to O
the O
december O
1975 O
bal O
##combe O
street O
siege O
) O
had O
been O
carrying O
out O
bomb B-incident_instrument_id
and O
gun O
attacks O
in O
southern O
england O
since O
autumn O
1974 O
, O
mostly O
in O
and O
around O
london O
. O
their O
last O
previous O
attack O
was O
an O
assassination O
attempt O
on O
former O
prime O
minister O
edward O
heath O
but O
he O
was O
not O
home O
when O
the O
attackers O
threw O
a O
bomb B-incident_instrument_id
into O
his O
bedroom O
window O
on O
22 O
december O

wiki_ied_bombings_10
1974 O
. O
= O
= O
the O
bombing O
= O
= O
the O
bal O
##combe O
street O
gang O
planted O
a O
time O
bomb B-incident_instrument_id
in O
the O
cater O
##ham O
arms B-phys_tgt_id
public I-phys_tgt_id
house I-phys_tgt_id
in O
cater O
##ham O
, O
surrey O
. O
the O
ira O
unit O
placed O
the O
7 O
##lb O
bomb B-incident_instrument_id
in O
a O
duff O
##el O
bag O
under O
a O
seat O
. O

wiki_ied_bombings_10
there O
was O
no O
warning O
and O
the O
bomb B-incident_instrument_id
exploded O
at O
9 O
: O
20 O
, O
injuring O
23 O
civilians O
and O
10 O
off O
- O
duty O
soldiers O
. O
the O
pub O
was O
used O
by O
members O
of O
the O
welsh O
guards O
who O
were O
based O
at O
the O
barracks O
nearby O
. O
some O
of O
the O
injuries O
were O
very O
serious O
, O
with O
at O
least O
three O
soldiers O
losing O
limbs O
. O

wiki_ied_bombings_10
the O
blast O
blew O
the O
roof O
off O
the O
pub O
in O
the O
process O
. O
this O
attack O
marked O
the O
start O
of O
a O
renewed O
bombing O
campaign O
( O
phase O
two O
) O
in O
england O
and O
the O
end O
of O
the O
truce O
with O
the O
british O
government O
. O
the O
next O
day O
, O
the O
same O
ira O
unit O
exploded O
a O
bomb B-incident_instrument_id
in O
oxford O
street O
, O
injuring O
several O
people O
. O
= O
= O
aftermath O
= O
= O
one O
of O
the O
police O
officers O
in O
charge O
of O
the O
investigation O
into O
the O
bombing O
described O
it O
as O
a O
" O
carbon O
copy O
" O
of O
the O
guildford O
pub O
bombings O
in O
october O
1974 O
for O
which O
four O
people O
were O
already O
serving O
their O
sentences O
. O

wiki_ied_bombings_10
the O
cell O
' O
s O
campaign O
would O
continue O
until O
december O
1975 O
when O
they O
were O
caught O
at O
the O
siege O
of O
bal O
##combe O
street O
. O
the O
unit O
would O
eventually O
end O
up O
planting O
close O
to O
50 O
bombs B-incident_instrument_id
in O
london O
and O
elsewhere O
in O
southern O
england O
and O
carrying O
out O
several O
shooting O
##s O
which O
, O
along O
with O
the O
bombings O
, O
caused O
the O
deaths O
of O
nearly O
20 O
people O
, O
injured O
hundreds O
and O
caused O
millions O
of O
pounds O
worth O
of O
damage O
to O
property O
. O
= O
= O
see O
also O
= O
= O
* O
chronology O
of O
provisional O
irish O
republican O
army O
actions O
( O
1970 O
– O
79 O
) O
= O
= O
references O
= O
= O

backpack_ied_13
new O
york O
gov O
. O
andrew O
cu O
##omo O
( O
d O
) O
said O
sunday O
that O
there O
is O
“ O
no O
evidence O
of O
an O
international O
terrorism O
connection O
” O
in O
the O
explosion O
in O
chelsea O
, O
though O
he O
stopped O
short O
of O
saying O
whoever O
caused O
the O
incident O
did O
not O
want O
to O
inc O
##ite O
terror O
. O
ad O
“ O
it O
depends O
on O
your O
definition O
of O
terrorism O
, O
” O
cu O
##omo O
said O
. O
“ O
a O
bomb B-incident_instrument_id
exploding O
in O
new O
york O
is O
obviously O
an O
act O
of O
terrorism O
, O
but O
it O
’ O
s O
not O
linked O
to O
international O
terrorism O
. O
in O
other O
words O
, O
we O
find O
no O
isis O

backpack_ied_13
connections O
. O
” O
ad O
##he O
said O
later O
: O
“ O
this O
is O
the O
nightmare O

backpack_ied_13
scenario O
. O
” O
not O
long O
after O
the O
blast O
, O
police O
said O
they O
had O
found O
another O
possible O
explosive O
device O
just O
blocks O
away O
. O
this O
device O
appeared O
to O
be O
similar O
to O
a O
pressure O
cooke O
##r O
and O
had O
wiring O
on O
it O
, O
according O
to O
a O
law O
enforcement O
official O
who O
spoke O
on O
the O
condition O
of O
an O
##ony O
##mity O
to O
discuss O
the O
ongoing O
investigation O
. O
pressure O
cooke O
##rs O
were O
used O
in O
the O
two O
bombs B-incident_instrument_id
detonated O
at O
the O
boston O
marathon O
in O
2013 O
. O
the O
bomb B-incident_instrument_id
squad O
safely O
removed O
the O
second O
device O
, O
new O
york O
police O
t O
##wee O
##ted O
early O
sunday O
. O
police O
officers O
, O
firefighters O
and O
other O
first O
respond O
##ers O
had O
rushed O
to O
the O
scene O
of O
the O
blast O
, O
which O
closed O
a O
major O
roadway O
and O
forced O
people O
out O
of O
nearby O
buildings O
. O
new O
york O
mayor O
bill O
de O
b O
##las O
##io O
( O
d O
) O
said O
sunday O
that O
the O
explosion O
was O
“ O
intentional O
, O
” O
but O
noted O
that O
few O
details O
were O
available O
because O
the O
investigation O
was O
in O
its O
early O
stages O
. O
“ O
we O
know O
there O
was O
a O
bombing B-incident_instrument_id

backpack_ied_13
“ O
until O
we O
clear O
the O
suspicious O
package O
, O
” O
although O
officers O
did O
not O
fully O
evacuate O
the O
area O
. O
ada O
##cco O
##rdi O
##ng O
to O
the O
associated O
press O
, O
the O
second O
device O
was O
removed O
with O
a O
robot O
and O
taken O
to O
the O
department O
firing O
range O
in O
the O
bronx O
. O
o O
’ O
neill O
said O
sunday O
that O
two O
“ O
very O
dedicated O
” O
former O
new O
york O
state O
troopers O
had O
responded O
to O
the O
initial O
report O
of O
the O
blast O
last O
night O
. O
in O
a O
search O
for O
other O
explosives B-incident_instrument_id
, O
they O
had O
parked O
their O
vehicle O
on O
27th O
street O
. O
walking O
down O
the O
block O
, O
they O
found O
the O
second O
, O
une O
##x O
##pl O
##ode O
##d O
device O
, O
o O
’ O
neill O
said O
. O
ad O
##re O
##ports O
of O
another O
suspicious O
package O
at O
28th O
street O
and O
fifth O
avenue O
turned O
out O
to O
be O
a O
false O
alarm O

backpack_ied_13
” O
after O
the O
explosion O
, O
she O
said O
her O
“ O
ear O
was O
ringing O
for O
15 O
minutes O
. O
” O
when O
keith O
sal O
##omo O
##n O
of O
delaware O
felt O
the O
explosion O
, O
he O
was O
having O
dinner O
a O
block O
and O
a O
half O
from O
the O
site O
of O
the O
blast O
. O
his O
chair O
and O
table O
shook O
, O
he O
said O
, O
and O
he O
saw O
people O
being O
taken O
away O
in O
ambulance O
##s O
. O
“ O
we O
didn O
’ O
t O
know O
what O
it O
was O
and O
so O
, O
at O
first O
, O
we O
just O
kept O
eating O
, O

backpack_ied_13
” O
said O
trump O
shortly O
after O
getting O
off O
of O
his O
plane O
. O
his O
comments O
were O
made O
before O
authorities O
confirmed O
the O
nature O
of O
the O
explosion O
. O
late O
saturday O
, O
democratic O
presidential O
nominee O
hillary O
clinton O
said O
it O
was O
important O
to O
“ O
know O
the O
facts O
” O
before O
drawing O
conclusions O
about O
such O
incidents O
. O
early O
sunday O
, O
posts O
on O
social O
media O
from O
people O
in O
new O
york O
showed O
the O
area O
of O
the O
explosion O
to O
be O
relatively O
calm O
and O
quiet O
. O
authorities O
had O
closed O
large O
swat O
##hs O
of O
roads O
in O
the O
area O
saturday O
night O
. O
on O
sunday O
, O
several O
roads O
had O
reopened O
but O
there O
remained O
a O
large O
police O
presence O
in O
the O
area O
. O
the O
explosion O
in O
new O
york O
comes O
as O
foreign O
leaders O
, O
including O
many O
heads O
of O
state O
, O
are O
heading O
to O
manhattan O
for O
the O
united O
nations O
general O
assembly O
. O
secretary O
of O
state O
john O

backpack_ied_13
f O
. O
kerry O
arrived O
saturday O
, O
while O
obama O
is O
scheduled O
to O
head O
to O
the O
city O
on O
monday O
. O
this O
annual O
meeting O
— O
held O
more O
than O
two O
miles O
from O
the O
site O
of O
the O
explosion O
in O
chelsea O
— O
is O
traditionally O
a O
challenging O
time O
for O
new O
york O
, O
as O
many O
roads O
are O
shut O
down O
and O
the O
heavy O
security O
leads O
to O
traffic O
jam O
##s O
. O
the O
fbi O
still O
has O
no O
determination O
as O
to O
motive O
, O
said O
a O
law O
enforcement O
official O
who O
spoke O
on O
condition O
of O
an O
##ony O
##mity O
because O
the O
investigation O
is O
ongoing O
. O
agents O
are O
examining O
the O
detonated O
material O
from O
the O
first O
device O
as O
well O
as O
studying O
the O
second O
, O
which O
appeared O
to O
resemble O
a O
pressure O
cooke O
##r O
. O
they O
are O
also O
looking O
at O
video O
from O
security O
cameras O
, O
social O
media O

20_VOA_EN_NW_2016.11.17.3601570
accused O
new O
york O
city O
bomber O
plead O
##s O
not O
guilty O
##ac O
##cus O
##ed O
new O
york O
bomber O
ahmad O
khan O
ra O
##him O
##i O
pleaded O
not O
guilty O
on O
thursday O
to O
federal O
charges O
that O
he O
set O
off O
an O
explosive B-incident_instrument_id
device I-incident_instrument_id
in O
september O
on O
a O
crowded O
city O
street O
, O
injuring O
30 O
people O
. O
wearing O
a O
dark O
blue O
jump O
suit O
, O
ra O
##him O
##i O
, O
28 O
, O
shuffled O
slowly O
into O
federal O
court O
in O
manhattan O
and O
had O
several O
coughing O
fits O
during O
the O
brief O
hearing O
. O
he O
suffered O
serious O
injuries O
in O
a O
shootout O
with O
police O
two O
days O
after O
the O
bombing O
. O
he O
spoke O
only O
once O
, O
when O
u O
. O
s O
. O
district O
judge O
richard O
berman O
asked O
him O
to O
confirm O
that O
he O
intended O
to O
plead O
not O
guilty O
to O
an O
eight O
- O
count O
indictment O
filed O
on O
wednesday O
. O
" O
yes O
, O
sir O
, O
" O
ra O
##him O
##i O
said O
. O
prosecutors O
have O
accused O
the O
afghan O
- O
born O
u O
. O
s O
. O
citizen O
of O
setting O
off O
an O
explosion O
in O
manhattan O
' O
s O
chelsea O
neighborhood O
on O
sept O
. O
17 O
. O

20_VOA_EN_NW_2016.11.17.3601570
berman O
scheduled O
court O
dates O
for O
dec O
. O
19 O
and O
jan O
. O
31 O
but O
has O
not O
set O

20_VOA_EN_NW_2016.11.17.3601570
a O
trial O
date O
. O
ra O
##him O
##i O
' O
s O
court O
- O
appointed O
defense O
lawyers O
declined O
to O
comment O
after O
the O
hearing O
. O

scenario_en_kairos_30
criteria O
##cr O
##iter O
##ia O
1 O
##the O
act O
must O
be O
aimed O
at O
attaining O
a O
political O
, O
economic O
, O
religious O
, O
or O
social O
goal O
. O
in O
terms O
of O
economic O
goals O
, O
the O
exclusive O
pursuit O
of O
profit O
does O
not O
satisfy O
this O
criterion O
. O
it O
must O
involve O
the O
pursuit O
of O
more O
profound O
, O
systemic O
economic O
change O
. O
criterion O
2 O
##ther O
##e O
must O
be O
evidence O
of O
an O
intention O
to O
coe O
##rce O
, O
int O
##imi O
##date O
, O
or O
convey O
some O
other O
message O
to O
a O
larger O
audience O
( O
or O
audiences O
) O
than O
the O
immediate O
victims O
. O

scenario_en_kairos_30
it O
is O
the O
act O
taken O
as O
a O
total O
##ity O
that O
is O
considered O
, O
ir O
##res O
##pe O
##ctive O
if O
every O
individual O
involved O
in O
carrying O
out O
the O
act O
was O
aware O
of O
this O
intention O
. O
as O
long O
as O
any O
of O
the O
planners O
or O
decision O
- O
makers O
behind O
the O
attack O
intended O
to O
coe O
##rce O
, O
int O
##imi O
##date O
or O
public O
##ize O
, O
the O
intentional O
##ity O
criterion O
is O
met O
. O
criterion O
3 O
##the O
action O
must O
be O
outside O
the O
context O
of O
legitimate O
warfare O
activities O
. O
that O
is O
, O
the O
act O
must O
be O
outside O
the O
parameters O
permitted O
by O
international O
humanitarian O
law O
( O
particularly O
the O
prohibition O
against O
deliberately O
targeting O
civilians O
or O
non O
- O
combatants O
. O
doubt O
terrorism O
proper O
##the O
existence O
of O
a O
" O
yes O
" O
for O
" O
doubt O
terrorism O
proper O
? O
" O
records O
reservation O
, O
in O
the O
eyes O
of O
gt O
##d O
analysts O
, O
that O
the O
incident O
in O
question O
is O
truly O
terrorism O
. O

scenario_en_kairos_30
such O
uncertainty O
, O
however O
, O
was O
not O
deemed O
to O
be O
sufficient O
to O
di O
##s O
##qual O
##ify O
the O
incident O
from O
inclusion O
into O
the O
gt O
##d O
. O
furthermore O
, O
such O
a O
determination O
of O
doubt O
is O
subsequently O
coded O
by O
gt O
##d O
analysts O
as O
conform O
##ing O
to O
one O
of O
four O
possible O
alternative O
designations O
: O
1 O
) O
insurgency O
/ O
gu O
##eri O
##lla O
action O
; O
2 O
) O
intern O
##ecin O
##e O
conflict O
action O
; O
3 O
) O
mass O
murder O
; O
or O
4 O
) O
purely O
criminal O
act O
. O

38_VOA_EN_NW_2013.04.24.1647602
bombing O
suspects O
' O
parents O
questioned O
in O
da O
##ges O
##tan O
##u O
. O
s O
. O
investigators O
have O
questioned O
the O
parents O
of O
the O
two O
boston O
marathon O
bombing O
suspects O
in O
the O
russian O
republic O
of O
da O
##ges O
##tan O
, O
as O
they O
try O
to O
determine O
what O
might O
have O
influenced O
their O
sons O
in O
the O
months O
before O
the O
april O
15 O
attack O
. O
the O
american O
authorities O
, O
working O
with O
russian O
security O
forces O
, O
interviewed O
both O
parents O
tuesday O
night O
and O
called O
back O
the O
suspects O
' O
mother O
, O
zu O
##bei O
##da O
##t O
tsar O
##nae O
##v O
, O
for O
more O
questioning O
on O
wednesday O
. O
the O
investigators O
are O
particularly O
interested O
in O
any O
contacts O
the O
elder O
brother O
, O
tame O
##rl O
##an O
tsar O
##nae O
##v O
, O
might O
have O
had O
with O
islamic O
ex B-perp_individual_id
##tre I-perp_individual_id
##mist I-perp_individual_id
##s I-perp_individual_id
during O
a O
six O
- O
month O
visit O
to O
da O
##ges O
##tan O
and O
che O
##ch O
##nya O
last O
year O
. O
u O
. O
s O
. O
law O
##makers O
discussed O
the O
same O
trip O
tuesday O
as O
they O
raised O
concerns O
about O
the O
sharing O
of O
intelligence O
among O
federal O
law O
enforcement O
agencies O
. O

38_VOA_EN_NW_2013.04.24.1647602
the O
two O
suspects O
are O
che O
##chen O
##s O
who O
came O
to O
the O
united O
states O
as O
boys O
. O
the O
brothers O
allegedly O
set O
off O
two O
bombs B-incident_instrument_id
alongside O
the O
boston O
marathon O
course O
, O
killing O
three O
people O
and O
injuring O
264 O
. O
at O
least O
14 O
of O
the O
wounded O
lost O
legs O
in O
the O
blasts O
. O

JC002YBW0
’ O
s O
mother O
, O
zu O
##bei O
##da O
##t O
, O
through O
a O
location O
in O
somerville O
. O
april O
14 O
, O
2013 O
##d O
##zh O
##ok O
##har O
tsar O
##nae O
##v O
opens O
a O
prep O
##aid O
cell O
##phone O
account O
under O
the O
name O
ja O
##har O
tsar O
##ni O
. O
he O
would O
use O
this O
phone O
while O
at O
the O
boston O
marathon O
the O
next O
day O
. O
on O
the O
same O
day O
, O
tame O
##rl O
##an O
tsar O
##nae O
##v O
buys O
two O
backpack O
##s O
at O
a O
target O
in O
water O
##town O
that O
were O
used O
to O
carry O
the O
bombs B-incident_instrument_id
. O
federal O
public O
defender O
office O
##ap O
##ril O
15 O
, O
2013 O
##at O
about O
2 O
: O
50 O
p O
. O
m O
. O

scenario_en_kairos_16
photo O
© O
2001 O
co O
##rb O
##is O
images O
all O
rights O
reserved O
##we O
##b O
site O
copyright O
1995 O
- O
2014 O
w O
##gb O
##h O
educational O
foundation O
##hun O
##ting O
bin O
laden O
##osa O
##ma O
bin O
laden O
is O
charged O
with O
master O
##mind O
##ing O
the O
1998 O
bombings O
of O
two O
u O
. O
s O
. O
em O
##bas O
##sies O
in O
east O
africa O
, O
believed O
to O
have O
had O
a O
role O
in O
the O
october O
2000 O
attack O
on O
the O
uss O
cole O
in O
the O
yemen O
##i O
port O
of O
aden O
, O
and O
now O
is O
a O
prime O
suspect O
in O
the O
sept O
. O

scenario_en_kairos_16
11 O
, O
2001 O
destruction O
of O
the O
world O
trade O
center O
and O
the O
bombing O
of O
the O
pentagon O
. O
this O
report O
features O
reporting O
by O
a O
pulitzer O
- O
prize O
nominated O
team O
of O
new O
york O
times O
reporters O
and O
front O
##line O
correspondent O
lowell O
bergman O
. O
tracing O
the O
trail O
of O
evidence O
linking O
bin O
laden O
to O
terrorist O
attacks O
, O
this O
updated O
report O
includes O
interviews O
with O
times O
reporters O
judith O
miller O
and O
james O
risen O
and O
former O
cia O
official O
larry O
johnson O
. O
they O
discuss O
the O
terrorist O
attacks O
which O
are O
linked O
, O
or O
are O
likely O
linked O
, O
to O
bin O
laden O
' O
s O
complex O
network O
of O
terrorists O
, O
outline O
the O
elements O
of O
his O
international O
organization O
and O
details O
of O
its O
alliances O
and O
tactics O
, O
and O
address O
the O
challenges O
confronting O
u O
. O
s O
. O

scenario_en_kairos_16
intelligence O
in O
trying O
to O
crack O
it O
. O

23_VOA_EN_NW_2015.11.24.3071320
of O
the O
dead O
, O
14 O
were O
tourists O
. O
the O
attack O
shocked O
the O
residents O
of O
the O
capital O
because O
of O
the O
apparent O
random O
##ness O
, O
which O
drove O
home O
the O
point O
that O
no O
place O
is O
immune O
to O
acts O
of O
terror O
. O
authorities O
, O
however O
, O
have O
declined O
to O
call O
it O
an O
act O
of O
terrorism O
out O
of O
apparent O
fear O
that O
it O
would O
hurt O
the O
country O
' O
s O
huge O
tourism O
industry O
. O
police O
initially O
appeared O
at O
first O
to O
be O
at O
a O
loss O
, O
but O
soon O
claimed O
success O
with O
a O
series O
of O
raids O
and O
two O
arrests O
. O
arrest O
warrant O
##s O
have O
been O
issued O
for O
15 O
others O
. O
the O
two O
suspects O
were O
brought O
to O
the O
court O
in O
handcuffs O
wearing O
brown O
prison O
ga O
##rb O
. O

23_VOA_EN_NW_2015.11.24.3071320
time O
stamps O
on O
closed O
circuit O
tv O
footage O
showed O
he O
left O
the O
shrine O
just O
minutes O
before O
the O
blast O
occurred O
, O
during O
evening O
rush O
hour O
as O
the O
area O
in O
central O
bangkok O
was O
filled O
with O
people O
. O
police O
believe O
that O
bi O
##lal O
is O
the O
yellow O
- O
shirt O
##ed O
man O
who O
planted O
the O
bomb B-incident_instrument_id
and O
yusuf O
##u O
is O
believed O
to O
have O
detonated O
the O
bomb B-incident_instrument_id
. O
bi O
##lal O
, O
was O
initially O
identified O
as O
ad O
##em O
kara O
##da O
##g O
, O
which O
was O
the O
name O
on O
a O
fake O
turkish O
passport O
in O
his O
possession O
when O
he O
was O
arrested O
aug O
. O
29 O
. O
he O
was O
arrested O
at O
one O
of O
two O
apartments O
police O
raided O
on O
the O
outskirts O
of O
bangkok O
. O
yusuf O
##u O
was O
arrested O
sept O
. O

23_VOA_EN_NW_2015.11.24.3071320
1 O
near O
the O
thai O
- O
cambodia O
border O
, O
carrying O
a O
chinese O
passport O
indicating O
he O
was O
from O
xinjiang O
. O
police O
said O
his O
dna O
and O
fingerprints O
were O
found O
in O
both O
raided O
apartments O
, O
including O
on O
a O
container O
of O
gunpowder O
. O
police O
said O
they O
have O
confessions O
from O
the O
two O
, O
and O
bi O
##lal O
' O
s O
lawyer O
says O
his O
client O
admitted O
planting O
the O
deadly O
bomb B-incident_instrument_id
at O
the O
be O
##hes O
##t O
of O
another O
suspect O
who O
remains O
a O
fugitive O
. O
he O
says O
bi O
##lal O
was O
induced O
to O
carry O
out O
the O
action O
by O
a O
promise O
that O
his O
emigration O
to O
turkey O
would O
be O
ex O
##ped O
##ited O
. O
some O
material O
for O
this O
report O
came O
from O
ap O
. O

wiki_mass_car_bombings_7_news_2
some O
of O
them O
minutes O
apart O
, O
meanwhile O
killed O
seven O
people O
and O
wounded O
29 O
in O
kirk O
##uk O
city O
and O
the O
eponymous O
province O
' O
s O
towns O
of O
di O
##bis O
and O
tu O
##z O
k O
##hur O
##mat O
##u O
. O
three O
different O
attacks O
- O
- O
a O
car B-incident_instrument_id
bomb I-incident_instrument_id
, O
a O
roadside O
blast O
and O
a O
shooting O
- O
- O
in O
the O
main O
northern O
city O
of O
mo O
##sul O
and O
the O
nearby O
town O
of O
ba O
##aj O
left O
nine O
people O
dead O
and O
seven O
wounded O
, O
according O
to O
iraqi O
army O
first O
lieutenant O
wa O
##ad O

wiki_mass_car_bombings_0_news_9
the O
cuban O
government O
did O
not O
respond O
publicly O
to O
that O
request O
or O
made O
a O
statement O
about O
the O
issue O
. O
colombia O
has O
experienced O
several O
years O
of O
relative O
calm O
since O
the O
2016 O
peace O
accord O
signed O
by O
then O
- O
president O
juan O
manuel O
santos O
and O
the O
revolutionary O
armed O
forces O
of O
colombia O
( O
far O
##c O
) O
fighters O
. O
1901 O
##18 O
##18 O
##21 O
##18 O
##64 O
##8 O
##with O
the O
landmark O
agreement O
turning O
the O
former O
rebels B-perp_individual_id
into O
a O
political O
party O
, O
the O
smaller O
el B-perp_organization_id
##n I-perp_organization_id
is O
considered O
the O
last O
active O
rebel O
group O
in O
the O
country O
. O
true O
to O
his O
election O
promises O
, O
du O
##que O
has O
taken O
a O
hard O
line O
against O
the O
el B-perp_organization_id
##n I-perp_organization_id
. O
peace O
talks O
with O
the O
el B-perp_organization_id
##n I-perp_organization_id
began O
in O
february O
2017 O
under O
santos O
, O
but O
du O
##que O
has O
put O
them O
on O
hold O
until O
the O
rebels B-perp_individual_id
free O
all O
their O
hostages O
and O
stop O
attacks O
on O
military O
and O
civilian O
targets O
. O
the O
group O
is O
believed O
to O
be O
currently O
holding O
17 O
hostages O
, O
some O
of O
them O
for O
several O
years O
. O

wiki_ied_bombings_5_news_3
he O
confirmed O
that O
the O
ira O
hierarchy O
in O
dublin O
knew O
all O
along O
that O
the O
six O
irish O
##men O
arrested O
for O
the O
explosions O
were O
innocent O
“ O
from O
the O
get O
go O
, O
from O
the O
very O
start O
. O
” O
now O
, O
julie O
and O
brian O
ham O
##ble O
##ton O
, O
who O
lost O
their O
sister O
maxi O
##ne O
in O
the O
bombings O
and O
lead O
the O
city O
’ O
s O
justice O
##4th O
##e O
##21 O
campaign O
, O
called O
on O
west O
midlands O
police O
and O
david O
cameron O
to O
take O
immediate O
action O
. O
julie O
said O
: O
“ O
i O
am O
expecting O
west O
midlands O
police O
chief O
constable O
chris O
sims O
and O
west O
midlands O
police O
force O
to O
interview O
with O
mr O
conway O
with O
immediate O
effect O
. O
“ O
and O
i O
hope O
that O
mr O
cameron O
, O
who O
a O
week O
ago O
told O
the O
house O
of O
commons O
that O
the O
pub O
bombers O
must O
be O
found O
, O
takes O
note O
of O
this O
development O
and O
ensures O
that O
the O
police O
follow O
this O
through O
. O
” O
brian O
added O
: O

wiki_ied_bombings_5_news_3
“ O
the O
police O
keep O
saying O
they O
won O
’ O
t O
do O
anything O
because O
there O
is O
no O
fresh O
evidence O
. O
well O
, O
here O
it O
is O
in O
black O
and O
white O
. O
it O
’ O
s O
an O
admission O
. O

wiki_ied_bombings_5_news_3
they O
have O
got O
to O
do O
something O
with O
this O
information O
. O
” O
the O
birmingham O
pub O
bombings O
- O
the O
28 O
numbers O
that O
add O
up O
to O
a O
cover O
- O
up O
, O
say O
campaign O
##ers O
##m O
##r O
conway O
, O
now O
a O
criminal O
lawyer O
in O
dublin O
, O
says O
in O
the O
book O
that O
where O
off O
- O
duty O
soldiers O
were O
the O
targets O
of O
bombings O
“ O
i O
had O
little O
sympathy O
for O
either O
the O
soldiers O
or O
the O
unfortunate O
civilians O
who O
had O
been O
sharing O
their O
drinking O
space O
. O
” O
he O
continued O
: O
“ O

wiki_ied_bombings_5_news_3
* O
south O
##side O
provisional O
: O
from O
freedom O
fighter O
to O
the O
four O
courts O
is O
published O
by O
or O
##pen O
press O
. O

wiki_drone_strikes_1_news_1
by O
mari O
ya O
##ma O
##guchi O
, O
associated O
press O
##tok O
##yo O
( O
ap O
) O
— O
japanese O
police O
have O
arrested O
a O
man O
who O
admitted O
to O
landing O
a O
drone O
with O
low O
- O
level O
radioactive O
sand O
on O
the O
roof O
of O
the O
prime O
minister O
' O
s O
office O
to O
protest O
the O
government O
' O
s O
nuclear O
energy O
policy O
, O
officials O
said O
saturday O
. O
tokyo O
metropolitan O
police O
said O
ya O
##su O
##o O
yamamoto O
, O
40 O
, O
turned O
himself O
in O
to O
authorities O
late O
friday O
in O
fu O
##ku O
##i O
in O
western O
japan O
. O
the O
small O
drone O
found O
wednesday O
had O
traces O
of O
radiation O
and O
triggered O
fears O
of O
potential O
terrorist O
attacks O
using O
unmanned O
aerial O
devices O
, O
the O
prime O
ministers O
' O
office O
has O
said O
. O
the O
in O
##filtration O
at O
japan O
' O
s O
political O
headquarters O
has O
also O
raised O
questions O
over O
the O
level O
of O
security O
there O
. O
no O
one O
was O
injured O
and O
prime O
minister O

wiki_drone_strikes_1_news_1
shin O
##zo O
abe O
was O
traveling O
at O
the O
time O
of O
the O
incident O
. O
police O
said O
yamamoto O
was O
arrested O
on O
suspicion O
of O
flying O
the O
drone O
and O
ob O
##st O
##ru O
##cting O
duties O
at O
the O
prime O
minister O
' O
s O
office O
. O
he O
has O
not O
been O
indicted O
and O
faces O
further O
questioning O
. O
public O
broadcaster O
nh O
##k O
said O
police O
quoted O
the O
unemployed O
man O
as O
saying O
he O
did O
it O
to O
protest O
the O
government O
' O
s O
nuclear O
energy O
policy O
. O
fu O
##ku O
##i O
is O
home O
to O
about O
a O
quarter O
of O
japan O
' O
s O
48 O
reactors O
, O
which O
are O
currently O
all O
off O
##line O
following O
the O
2011 O
tsunami O
- O
triggered O
fu O
##kushima O
plant O
disaster O
. O

wiki_drone_strikes_1_news_1
abe O
' O
s O
administration O
wants O
to O
restart O
as O
many O
of O
the O
idle O
##d O
plants O
as O
possible O
. O
the O
drone O
was O
carrying O
a O
small O
camera O
and O
a O
plastic O
bottle O
containing O
what O
police O
suspect O
was O
the O
source O
of O
radioactive O
ce O
##si O
##um O
, O
levels O
of O
which O
were O
too O
low O
to O
affect O
humans O
or O
the O
environment O
. O
the O
suspect O
said O
he O
used O
the O
sand O
from O
an O
unspecified O
location O
in O
fu O
##kushima O
, O
where O
radiation O
levels O
are O
still O
high O
due O
to O
fallout O
##s O
from O
the O
fu O
##kushima O
dai O
- O
ich O
##i O
melt O
##down O
##s O
, O
nh O
##k O
said O
. O
the O
government O
has O
set O
up O
a O
task O
force O
to O
work O
on O
regulations O
for O
the O
use O
of O
small O
drones O
while O
ensuring O
the O
security O
of O
key O
government O
facilities O
. O
drones O
have O
become O
increasingly O
popular O
in O
japan O
for O
industrial O
, O
service O
and O
entertainment O
use O
. O
at O
a O
meeting O
friday O
, O
task O
force O
members O
caution O
##ed O
against O
excessive O
restrictions O
on O
the O
emerging O
market O
for O
drones O
. O
it O
is O
not O
clear O
exactly O
when O
the O
drone O
landed O
because O
workers O
at O
the O
office O
in O
central O
tokyo O
rarely O
go O
up O
to O
the O
roof O
. O

wiki_drone_strikes_1_news_1
an O
official O
taking O
new O
employees O
on O
a O
building O
tour O
reportedly O
spotted O
the O
drone O
. O
a O
blog O
with O
an O
anti O
- O
nuclear O
theme O
managed O
under O
the O
name O
" O
kant O
##ei O
( O
prime O
minister O
' O
s O
office O
) O
santa O
" O
contained O
photos O
of O
a O
drone O
that O
looked O
like O
the O
one O
found O
wednesday O
. O
in O
one O
entry O
, O
the O
anonymous B-perp_individual_id
writer I-perp_individual_id
said O
he O
drove O
from O
his O
hometown O
in O
obama O
city O
in O
fu O
##ku O
##i O
to O
tokyo O
and O
flew O
the O
drone O
in O
the O
early O
hours O
of O
april O
9 O
, O
trying O
to O
have O
it O
land O
in O
the O
yard O
of O
the O
prime O
minister O
' O
s O
office O
, O
but O
that O
he O
eventually O
lost O
track O
of O
the O
device O
. O
in O
the O
united O
states O
in O
january O
, O
a O
drone O
flown O
by O
an O
off O
- O
duty O
intelligence O
employee O
crashed O
on O
the O
white O
house O
grounds O
. O

scenario_en_kairos_2
abdullah O
ahmed O
abdullah O
##mur O
##der O
of O
u O
. O
s O
. O
nationals O
outside O
the O
united O
states O
; O
conspiracy O
to O
murder O
u O
. O
s O
. O
nationals O
outside O
the O
united O
states O
; O
attack O
on O
a O
federal O
facility O
resulting O
in O
death O
; O
conspiracy O
to O
kill O
u O
. O
s O
. O
nationals O
, O
to O
murder O
, O
to O
destroy O
buildings O
and O
property O
of O
the O
united O
states O
, O
and O
to O
destroy O
the O
national O
defense O
utilities O
of O
the O
united O
states O
##ima O
##ges O
##alia O
##ses O
: O
abu O
mohamed O
al O
- O
mas O
##ri O
, O
abu O
muhammad O
al O
mas O
##ri O
, O
sale O
##h O
, O
abu O
maria O
##m O
, O
abdullah O
ahmed O
abdullah O
ali O
, O
abu O
mohammed O

